Using pre-set license
Built from '2020.3/staging' branch; Version is '2020.3.22f1 (e1a7f79fd887) revision 14788599'; Using compiler version '192528614'; Build Type 'Release'
OS: 'Windows 10 Pro; OS build 19043.1348; Version 2009; 64bit' Language: 'tr' Physical Memory: 16330 MB
BatchMode: 1, IsHumanControllingUs: 0, StartBugReporterOnCrash: 0, Is64bit: 1, IsPro: 0

COMMAND LINE ARGUMENTS:
C:\Program Files\Unity\Hub\Editor\2020.3.22f1\Editor\Unity.exe
-adb2
-batchMode
-noUpm
-name
AssetImportWorker0
-projectPath
C:/Users/EMİN/Desktop/Unity Games/Awakening Day
-logFile
Logs/AssetImportWorker0.log
-srvPort
57855
Successfully changed project path to: C:/Users/EMİN/Desktop/Unity Games/Awakening Day
C:/Users/EMİN/Desktop/Unity Games/Awakening Day
Using Asset Import Pipeline V2.
Refreshing native plugins compatible for Editor in 38.05 ms, found 2 plugins.
Preloading 0 native plugins for Editor in 0.00 ms.
Initialize engine version: 2020.3.22f1 (e1a7f79fd887)
[Subsystems] Discovering subsystems at path C:/Program Files/Unity/Hub/Editor/2020.3.22f1/Editor/Data/Resources/UnitySubsystems
[Subsystems] Discovering subsystems at path C:/Users/EMİN/Desktop/Unity Games/Awakening Day/Assets
GfxDevice: creating device client; threaded=0
Direct3D:
    Version:  Direct3D 11.0 [level 11.1]
    Renderer: Radeon RX 580 Series (ID=0x67df)
    Vendor:   
    VRAM:     8171 MB
    Driver:   27.20.22025.1006
Initialize mono
Mono path[0] = 'C:/Program Files/Unity/Hub/Editor/2020.3.22f1/Editor/Data/Managed'
Mono path[1] = 'C:/Program Files/Unity/Hub/Editor/2020.3.22f1/Editor/Data/MonoBleedingEdge/lib/mono/unityjit'
Mono config path = 'C:/Program Files/Unity/Hub/Editor/2020.3.22f1/Editor/Data/MonoBleedingEdge/etc'
Using monoOptions --debugger-agent=transport=dt_socket,embedding=1,server=y,suspend=n,address=127.0.0.1:56812
Begin MonoManager ReloadAssembly
Registering precompiled unity dll's ...
Register platform support module: C:/Program Files/Unity/Hub/Editor/2020.3.22f1/Editor/Data/PlaybackEngines/WebGLSupport/UnityEditor.WebGL.Extensions.dll
Register platform support module: C:/Program Files/Unity/Hub/Editor/2020.3.22f1/Editor/Data/PlaybackEngines/WindowsStandaloneSupport/UnityEditor.WindowsStandalone.Extensions.dll
Registered in 0.002215 seconds.
Native extension for WindowsStandalone target not found
Native extension for WebGL target not found
Refreshing native plugins compatible for Editor in 37.41 ms, found 2 plugins.
Preloading 0 native plugins for Editor in 0.00 ms.
Mono: successfully reloaded assembly
- Completed reload, in  2.190 seconds
Domain Reload Profiling:
	ReloadAssembly (2190ms)
		BeginReloadAssembly (58ms)
			ExecutionOrderSort (0ms)
			DisableScriptedObjects (0ms)
			BackupInstance (0ms)
			ReleaseScriptingObjects (0ms)
			CreateAndSetChildDomain (1ms)
		EndReloadAssembly (492ms)
			LoadAssemblies (56ms)
			RebuildTransferFunctionScriptingTraits (0ms)
			SetupTypeCache (176ms)
			ReleaseScriptCaches (0ms)
			RebuildScriptCaches (33ms)
			SetupLoadedEditorAssemblies (176ms)
				LogAssemblyErrors (0ms)
				InitializePlatformSupportModulesInManaged (5ms)
				SetLoadedEditorAssemblies (0ms)
				RefreshPlugins (37ms)
				BeforeProcessingInitializeOnLoad (17ms)
				ProcessInitializeOnLoadAttributes (85ms)
				ProcessInitializeOnLoadMethodAttributes (30ms)
				AfterProcessingInitializeOnLoad (0ms)
				EditorAssembliesLoaded (0ms)
			ExecutionOrderSort2 (0ms)
			AwakeInstancesAfterBackupRestoration (0ms)
Platform modules already initialized, skipping
Registering precompiled user dll's ...
Registered in 0.005274 seconds.
Begin MonoManager ReloadAssembly
Native extension for WindowsStandalone target not found
Native extension for WebGL target not found
Refreshing native plugins compatible for Editor in 0.51 ms, found 2 plugins.
Preloading 0 native plugins for Editor in 0.00 ms.
Mono: successfully reloaded assembly
- Completed reload, in  1.128 seconds
Domain Reload Profiling:
	ReloadAssembly (1129ms)
		BeginReloadAssembly (160ms)
			ExecutionOrderSort (0ms)
			DisableScriptedObjects (5ms)
			BackupInstance (0ms)
			ReleaseScriptingObjects (0ms)
			CreateAndSetChildDomain (20ms)
		EndReloadAssembly (900ms)
			LoadAssemblies (95ms)
			RebuildTransferFunctionScriptingTraits (0ms)
			SetupTypeCache (321ms)
			ReleaseScriptCaches (0ms)
			RebuildScriptCaches (46ms)
			SetupLoadedEditorAssemblies (337ms)
				LogAssemblyErrors (0ms)
				InitializePlatformSupportModulesInManaged (7ms)
				SetLoadedEditorAssemblies (0ms)
				RefreshPlugins (1ms)
				BeforeProcessingInitializeOnLoad (86ms)
				ProcessInitializeOnLoadAttributes (226ms)
				ProcessInitializeOnLoadMethodAttributes (9ms)
				AfterProcessingInitializeOnLoad (7ms)
				EditorAssembliesLoaded (0ms)
			ExecutionOrderSort2 (0ms)
			AwakeInstancesAfterBackupRestoration (7ms)
Platform modules already initialized, skipping
========================================================================
Worker process is ready to serve import requests
Launched and connected shader compiler UnityShaderCompiler.exe after 0.08 seconds
Refreshing native plugins compatible for Editor in 0.52 ms, found 2 plugins.
Preloading 0 native plugins for Editor in 0.00 ms.
Unloading 1634 Unused Serialized files (Serialized files now loaded: 0)
System memory in use before: 82.5 MB.
System memory in use after: 82.6 MB.

Unloading 19 unused Assets to reduce memory usage. Loaded Objects now: 2091.
Total: 3.732100 ms (FindLiveObjects: 0.212600 ms CreateObjectMapping: 0.055400 ms MarkObjects: 3.389500 ms  DeleteObjects: 0.073400 ms)

AssetImportParameters requested are different than current active one (requested -> active):
  custom:framework-win-MediaFoundation: 216162199b28c13a410421893ffa2e32 -> 
  custom:video-decoder-ogg-theora: a1e56fd34408186e4bbccfd4996cb3dc -> 
  custom:container-muxer-webm: aa71ff27fc2769a1b78a27578f13a17b -> 
  custom:container-demuxer-webm: 4f35f7cbe854078d1ac9338744f61a02 -> 
  custom:container-demuxer-ogg: 62fdf1f143b41e24485cea50d1cbac27 -> 
  custom:video-encoder-webm-vp8: eb34c28f22e8b96e1ab97ce403110664 -> 
  custom:video-decoder-webm-vp8: 9c59270c3fd7afecdb556c50c9e8de78 -> 
  custom:audio-decoder-ogg-vorbis: bf7c407c2cedff20999df2af8eb42d56 -> 
  custom:audio-encoder-webm-vorbis: bf7c407c2cedff20999df2af8eb42d56 -> 
========================================================================
Received Import Request.
  path: Assets/Images/Materials
  artifactKey: Guid(2506e47f3b85cfc47acf6c642304c2ea) Importer(815301076,1909f56bfc062723c751e8b465ee728b)
Start importing Assets/Images/Materials using Guid(2506e47f3b85cfc47acf6c642304c2ea) Importer(815301076,1909f56bfc062723c751e8b465ee728b)  -> (artifact id: 'f2e83fe3d8cff7135ba4cb32b42ddc60') in 0.008049 seconds 
  Import took 0.011032 seconds .

========================================================================
Received Import Request.
  Time since last request: 29.397194 seconds.
  path: Assets/HasBeenDone/Others/Images/Bullet Holes.png
  artifactKey: Guid(a0928619dd894954d82ef22f93352977) Importer(815301076,1909f56bfc062723c751e8b465ee728b)
Start importing Assets/HasBeenDone/Others/Images/Bullet Holes.png using Guid(a0928619dd894954d82ef22f93352977) Importer(815301076,1909f56bfc062723c751e8b465ee728b)  -> (artifact id: '2446538b7dc09b0e245d011fd01ac79c') in 0.123106 seconds 
  Import took 0.126095 seconds .

========================================================================
Received Import Request.
  Time since last request: 29.250204 seconds.
  path: Assets/Store/Low Poly Weapons VOL.1
  artifactKey: Guid(24e280e0a0358da47b991b4fe08a2fef) Importer(815301076,1909f56bfc062723c751e8b465ee728b)
Start importing Assets/Store/Low Poly Weapons VOL.1 using Guid(24e280e0a0358da47b991b4fe08a2fef) Importer(815301076,1909f56bfc062723c751e8b465ee728b)  -> (artifact id: '9672d07e8800872e788a0e76966ae7c9') in 0.011186 seconds 
  Import took 0.014594 seconds .

========================================================================
Received Import Request.
  Time since last request: 0.063031 seconds.
  path: Assets/Store/Low Poly Weapons VOL.1/Gun_MAT.mat
  artifactKey: Guid(28f0b13c7e9707746b5e0b3336181560) Importer(815301076,1909f56bfc062723c751e8b465ee728b)
Start importing Assets/Store/Low Poly Weapons VOL.1/Gun_MAT.mat using Guid(28f0b13c7e9707746b5e0b3336181560) Importer(815301076,1909f56bfc062723c751e8b465ee728b)  -> (artifact id: '49a12ccc809d113aba9fbd980dc72817') in 0.050360 seconds 
  Import took 0.054219 seconds .

========================================================================
Received Import Request.
  Time since last request: 0.000191 seconds.
  path: Assets/Store/Low Poly Weapons VOL.1/Textures_Guns.png
  artifactKey: Guid(6a376fb3e11ce334ca96f417cead6576) Importer(815301076,1909f56bfc062723c751e8b465ee728b)
Start importing Assets/Store/Low Poly Weapons VOL.1/Textures_Guns.png using Guid(6a376fb3e11ce334ca96f417cead6576) Importer(815301076,1909f56bfc062723c751e8b465ee728b)  -> (artifact id: '525d83813b58c4e791cb018c65b8bb3b') in 0.017350 seconds 
  Import took 0.021135 seconds .

========================================================================
Received Import Request.
  Time since last request: 1.366619 seconds.
  path: Assets/Store/Low Poly Weapons VOL.1/Models
  artifactKey: Guid(c2ea3f448776c9645ba9ffd49106fa9a) Importer(815301076,1909f56bfc062723c751e8b465ee728b)
Start importing Assets/Store/Low Poly Weapons VOL.1/Models using Guid(c2ea3f448776c9645ba9ffd49106fa9a) Importer(815301076,1909f56bfc062723c751e8b465ee728b)  -> (artifact id: '111f45647244fdde4ebec711a1449b8d') in 0.008648 seconds 
  Import took 0.012125 seconds .

========================================================================
Received Import Request.
  Time since last request: 6.112951 seconds.
  path: Assets/Scenes/SampleScene
  artifactKey: Guid(68c4b0ef38cc9204da6f4ed6b5bb99e5) Importer(815301076,1909f56bfc062723c751e8b465ee728b)
Start importing Assets/Scenes/SampleScene using Guid(68c4b0ef38cc9204da6f4ed6b5bb99e5) Importer(815301076,1909f56bfc062723c751e8b465ee728b)  -> (artifact id: '2810293f936994244d4101e2ceeedd58') in 0.008175 seconds 
  Import took 0.012335 seconds .

========================================================================
Received Import Request.
  Time since last request: 0.058417 seconds.
  path: Assets/Scenes/SampleScene/NavMesh.asset
  artifactKey: Guid(0445cd9e93b39b64d9a493f6e751a191) Importer(815301076,1909f56bfc062723c751e8b465ee728b)
Start importing Assets/Scenes/SampleScene/NavMesh.asset using Guid(0445cd9e93b39b64d9a493f6e751a191) Importer(815301076,1909f56bfc062723c751e8b465ee728b)  -> (artifact id: '67daebf1174be868d42152c8934c800b') in 0.009257 seconds 
  Import took 0.012705 seconds .

========================================================================
Received Import Request.
  Time since last request: 8.936245 seconds.
  path: Assets/Store/BigRookGames
  artifactKey: Guid(2f17f384f2f73024ebc896d27ef8411b) Importer(815301076,1909f56bfc062723c751e8b465ee728b)
Start importing Assets/Store/BigRookGames using Guid(2f17f384f2f73024ebc896d27ef8411b) Importer(815301076,1909f56bfc062723c751e8b465ee728b)  -> (artifact id: 'dd3b5e7de1fb533c14862b2a8486254e') in 0.007707 seconds 
  Import took 0.011241 seconds .

========================================================================
Received Import Request.
  Time since last request: 0.675689 seconds.
  path: Assets/Store/BigRookGames/_AssetPacks
  artifactKey: Guid(b34f79b2759b77f43a682827fc9e38e3) Importer(815301076,1909f56bfc062723c751e8b465ee728b)
Start importing Assets/Store/BigRookGames/_AssetPacks using Guid(b34f79b2759b77f43a682827fc9e38e3) Importer(815301076,1909f56bfc062723c751e8b465ee728b)  -> (artifact id: 'f54bb4b81576370c80378c6fdc7cac4a') in 0.007940 seconds 
  Import took 0.010991 seconds .

========================================================================
Received Import Request.
  Time since last request: 0.530859 seconds.
  path: Assets/Store/BigRookGames/_AssetPacks/Stylized Weapon Pack
  artifactKey: Guid(12c81b92bc589084696bc2a1041886fc) Importer(815301076,1909f56bfc062723c751e8b465ee728b)
Start importing Assets/Store/BigRookGames/_AssetPacks/Stylized Weapon Pack using Guid(12c81b92bc589084696bc2a1041886fc) Importer(815301076,1909f56bfc062723c751e8b465ee728b)  -> (artifact id: '21416af22b5172d154660ab8d561bf40') in 0.008006 seconds 
  Import took 0.011200 seconds .

========================================================================
Received Import Request.
  Time since last request: 0.503315 seconds.
  path: Assets/Store/BigRookGames/_AssetPacks/Stylized Weapon Pack/M4 Scoped Assault Rifle
  artifactKey: Guid(d51e6244acb64ab49bdc44ff43b16065) Importer(815301076,1909f56bfc062723c751e8b465ee728b)
Start importing Assets/Store/BigRookGames/_AssetPacks/Stylized Weapon Pack/M4 Scoped Assault Rifle using Guid(d51e6244acb64ab49bdc44ff43b16065) Importer(815301076,1909f56bfc062723c751e8b465ee728b)  -> (artifact id: '53d1153491e7311a77a432cd786598aa') in 0.007075 seconds 
  Import took 0.011160 seconds .

========================================================================
Received Import Request.
  Time since last request: 2.607638 seconds.
  path: Assets/Store/BigRookGames/_AssetPacks/Stylized Weapon Pack/M4 Scoped Assault Rifle/Prefabs
  artifactKey: Guid(ca373da0bcc5dc1478653004cd5da4d2) Importer(815301076,1909f56bfc062723c751e8b465ee728b)
Start importing Assets/Store/BigRookGames/_AssetPacks/Stylized Weapon Pack/M4 Scoped Assault Rifle/Prefabs using Guid(ca373da0bcc5dc1478653004cd5da4d2) Importer(815301076,1909f56bfc062723c751e8b465ee728b)  -> (artifact id: '42a44fa727aac523317316dc07c7f0e4') in 0.006237 seconds 
  Import took 0.008949 seconds .

========================================================================
Received Import Request.
  Time since last request: 0.057673 seconds.
  path: Assets/Store/BigRookGames/_AssetPacks/Stylized Weapon Pack/M4 Scoped Assault Rifle/Prefabs/Assault_Rifle_M4.prefab
  artifactKey: Guid(9c32f2e3b18a3a94fa0cb90a4ac1c2fd) Importer(815301076,1909f56bfc062723c751e8b465ee728b)
Start importing Assets/Store/BigRookGames/_AssetPacks/Stylized Weapon Pack/M4 Scoped Assault Rifle/Prefabs/Assault_Rifle_M4.prefab using Guid(9c32f2e3b18a3a94fa0cb90a4ac1c2fd) Importer(815301076,1909f56bfc062723c751e8b465ee728b)  -> (artifact id: '0b8ee57503f5feb9bd4584eba5c853d5') in 0.056293 seconds 
  Import took 0.061205 seconds .

========================================================================
Received Import Request.
  Time since last request: 0.000243 seconds.
  path: Assets/Store/BigRookGames/_AssetPacks/Stylized Weapon Pack/M4 Scoped Assault Rifle/Prefabs/VFX_M4 Muzzle Flash.prefab
  artifactKey: Guid(4543ab5e3d405ec40a8d4e9aa5165030) Importer(815301076,1909f56bfc062723c751e8b465ee728b)
Start importing Assets/Store/BigRookGames/_AssetPacks/Stylized Weapon Pack/M4 Scoped Assault Rifle/Prefabs/VFX_M4 Muzzle Flash.prefab using Guid(4543ab5e3d405ec40a8d4e9aa5165030) Importer(815301076,1909f56bfc062723c751e8b465ee728b)  -> (artifact id: '296d5b4235d9eae979d0a36e51446227') in 0.021930 seconds 
  Import took 0.025763 seconds .

========================================================================
Received Import Request.
  Time since last request: 0.000276 seconds.
  path: Assets/Store/BigRookGames/_AssetPacks/Stylized Weapon Pack/M4 Scoped Assault Rifle/Prefabs/Assault_Rifle_M4_with_scope.prefab
  artifactKey: Guid(fc45b7e62abe3a34da71d3a00638f636) Importer(815301076,1909f56bfc062723c751e8b465ee728b)
Start importing Assets/Store/BigRookGames/_AssetPacks/Stylized Weapon Pack/M4 Scoped Assault Rifle/Prefabs/Assault_Rifle_M4_with_scope.prefab using Guid(fc45b7e62abe3a34da71d3a00638f636) Importer(815301076,1909f56bfc062723c751e8b465ee728b)  -> (artifact id: 'e3325980137e42244c6bbfba208b0fb1') in 0.030711 seconds 
  Import took 0.034901 seconds .

AssetImportWorkerClient::OnTransportError - code=2 error=End of file
